2021-05-27T10:22:26Z 




2021-05-27T10:22:26Z RadioCoin Core version v0.18.1.0-f43983e-dirty (release build)
2021-05-27T10:22:26Z Validating signatures for all blocks.
2021-05-27T10:22:26Z Setting nMinimumChainWork=0000000000000000000000000000000000000000000002ee655bf00bf13b4cca
2021-05-27T10:22:26Z Using the 'sse4(1way),sse41(4way),avx2(8way)' SHA256 implementation
2021-05-27T10:22:26Z Using RdRand as an additional entropy source
2021-05-27T10:22:26Z Default data directory /root/.radiocoin
2021-05-27T10:22:26Z Using data directory /home/c4pt/opt/CURRENTRADIO/radioCOIN/radiocoin/./radiob
2021-05-27T10:22:26Z Config file: /home/c4pt/opt/CURRENTRADIO/radioCOIN/radiocoin/./radiob/radiocoin.conf (not found, skipping)
2021-05-27T10:22:26Z Using at most 125 automatic connections (1024 file descriptors available)
2021-05-27T10:22:26Z Warning: relative datadir option './radiob' specified, which will be interpreted relative to the current working directory '/home/c4pt/opt/CURRENTRADIO/radioCOIN/radiocoin'. This is fragile, because if radiocoin is started in the future from a different location, it will be unable to locate the current data files. There could also be data loss if radiocoin is started while in a temporary directory.
2021-05-27T10:22:26Z Using 16 MiB out of 32/2 requested for signature cache, able to store 524288 elements
2021-05-27T10:22:26Z Using 16 MiB out of 32/2 requested for script execution cache, able to store 524288 elements
2021-05-27T10:22:26Z Using 16 threads for script verification
2021-05-27T10:22:26Z scheduler thread start
2021-05-27T10:22:26Z scrypt: using scrypt-sse2 as built.
2021-05-27T10:22:26Z Using wallet directory /home/c4pt/opt/CURRENTRADIO/radioCOIN/radiocoin/./radiob
2021-05-27T10:22:26Z init message: Verifying wallet(s)...
2021-05-27T10:22:26Z Using BerkeleyDB version Berkeley DB 5.3.28: (September  9, 2013)
2021-05-27T10:22:26Z Using wallet /home/c4pt/opt/CURRENTRADIO/radioCOIN/radiocoin/./radiob
2021-05-27T10:22:26Z BerkeleyEnvironment::Open: LogDir=/home/c4pt/opt/CURRENTRADIO/radioCOIN/radiocoin/./radiob/database ErrorFile=/home/c4pt/opt/CURRENTRADIO/radioCOIN/radiocoin/./radiob/db.log
2021-05-27T10:22:26Z init message: Loading banlist...
2021-05-27T10:22:26Z ERROR: DeserializeFileDB: Failed to open file /home/c4pt/opt/CURRENTRADIO/radioCOIN/radiocoin/./radiob/banlist.dat
2021-05-27T10:22:26Z Invalid or missing banlist.dat; recreating
2021-05-27T10:22:26Z Cache configuration:
2021-05-27T10:22:26Z * Using 2.0 MiB for block index database
2021-05-27T10:22:26Z * Using 8.0 MiB for chain state database
2021-05-27T10:22:26Z * Using 440.0 MiB for in-memory UTXO set (plus up to 286.1 MiB of unused mempool space)
2021-05-27T10:22:26Z init message: Loading block index...
2021-05-27T10:22:26Z Opening LevelDB in /home/c4pt/opt/CURRENTRADIO/radioCOIN/radiocoin/./radiob/blocks/index
2021-05-27T10:22:26Z Opened LevelDB successfully
2021-05-27T10:22:26Z Using obfuscation key for /home/c4pt/opt/CURRENTRADIO/radioCOIN/radiocoin/./radiob/blocks/index: 0000000000000000
2021-05-27T10:22:26Z LoadBlockIndexDB: last block file = 0
2021-05-27T10:22:26Z LoadBlockIndexDB: last block file info: CBlockFileInfo(blocks=0, size=0, heights=0...0, time=1970-01-01...1970-01-01)
2021-05-27T10:22:26Z Checking all blk files are present...
2021-05-27T10:22:26Z Initializing databases...
2021-05-27T10:22:26Z Pre-allocating up to position 0x1000000 in blk00000.dat
2021-05-27T10:22:26Z Opening LevelDB in /home/c4pt/opt/CURRENTRADIO/radioCOIN/radiocoin/./radiob/chainstate
2021-05-27T10:22:26Z Opened LevelDB successfully
2021-05-27T10:22:26Z Wrote new obfuscate key for /home/c4pt/opt/CURRENTRADIO/radioCOIN/radiocoin/./radiob/chainstate: 3b56746ae8b64157
2021-05-27T10:22:26Z Using obfuscation key for /home/c4pt/opt/CURRENTRADIO/radioCOIN/radiocoin/./radiob/chainstate: 3b56746ae8b64157
2021-05-27T10:22:26Z init message: Rewinding blocks...
2021-05-27T10:22:26Z  block index             294ms
2021-05-27T10:22:26Z init message: Loading wallet...
2021-05-27T10:22:26Z BerkeleyEnvironment::Open: LogDir=/home/c4pt/opt/CURRENTRADIO/radioCOIN/radiocoin/./radiob/database ErrorFile=/home/c4pt/opt/CURRENTRADIO/radioCOIN/radiocoin/./radiob/db.log
2021-05-27T10:22:27Z [default wallet] nFileVersion = 180100
2021-05-27T10:22:27Z [default wallet] Keys: 0 plaintext, 0 encrypted, 0 w/ metadata, 0 total. Unknown wallet records: 0
2021-05-27T10:22:27Z [default wallet] Performing wallet upgrade to 169900
2021-05-27T10:22:28Z [default wallet] keypool added 2000 keys (1000 internal), size=2000 (1000 internal)
2021-05-27T10:22:29Z [default wallet] Wallet completed loading in            2129ms
2021-05-27T10:22:29Z [default wallet] setKeyPool.size() = 2000
2021-05-27T10:22:29Z [default wallet] mapWallet.size() = 0
2021-05-27T10:22:29Z [default wallet] mapAddressBook.size() = 0
2021-05-27T10:22:29Z UpdateTip: new best=000001e9acc96b8e81f0aca297e3a5e5a9823bf3d3c3f380e9cda02e181de8be height=0 version=0x00000001 log2_work=20.000022 tx=1 date='2021-05-22T23:19:58Z' progress=1.000000 cache=0.0MiB(0txo)
2021-05-27T10:22:29Z mapBlockIndex.size() = 1
2021-05-27T10:22:29Z Failed to open mempool file from disk. Continuing anyway.
2021-05-27T10:22:29Z nBestHeight = 0
2021-05-27T10:22:29Z torcontrol thread start
2021-05-27T10:22:29Z Bound to [::]:9334
2021-05-27T10:22:29Z Bound to 0.0.0.0:9334
2021-05-27T10:22:29Z init message: Loading P2P addresses...
2021-05-27T10:22:29Z ERROR: DeserializeFileDB: Failed to open file /home/c4pt/opt/CURRENTRADIO/radioCOIN/radiocoin/./radiob/peers.dat
2021-05-27T10:22:29Z Invalid or missing peers.dat; recreating
2021-05-27T10:22:29Z init message: Starting network threads...
2021-05-27T10:22:29Z net thread start
2021-05-27T10:22:29Z dnsseed thread start
2021-05-27T10:22:29Z Loading addresses from DNS seeds (could take a while)
2021-05-27T10:22:29Z 0 addresses found from DNS seeds
2021-05-27T10:22:29Z dnsseed thread exit
2021-05-27T10:22:29Z addcon thread start
2021-05-27T10:22:29Z opencon thread start
2021-05-27T10:22:29Z init message: Done loading
2021-05-27T10:22:29Z msghand thread start
2021-05-27T10:22:29Z GUI: Platform customization: "other"
2021-05-27T10:22:29Z GUI: PaymentServer::LoadRootCAs: Loaded  268  root certificates
2021-05-27T10:23:30Z Adding fixed seed nodes as DNS doesn't seem to be available.
2021-05-27T10:24:36Z New outbound peer connected: version: 70015, blocks=2059593, peer=3
2021-05-27T10:24:36Z ERROR: AcceptBlockHeader: Consensus::CheckBlockHeader: 80ca095ed10b02e53d769eb6eaf92cd04e9e0759e5be4a8477b42911ba49c78f, high-hash, proof of work failed (code 16)
