2021-05-27T10:21:36Z 




2021-05-27T10:21:36Z RadioCoin Core version v0.18.1.0-f43983e-dirty (release build)
2021-05-27T10:21:36Z Validating signatures for all blocks.
2021-05-27T10:21:36Z Setting nMinimumChainWork=0000000000000000000000000000000000000000000002ee655bf00bf13b4cca
2021-05-27T10:21:36Z Using the 'sse4(1way),sse41(4way),avx2(8way)' SHA256 implementation
2021-05-27T10:21:36Z Using RdRand as an additional entropy source
2021-05-27T10:21:36Z Default data directory /root/.radiocoin
2021-05-27T10:21:36Z Using data directory /home/c4pt/opt/CURRENTRADIO/radioCOIN/radiocoin/./radio
2021-05-27T10:21:36Z Config file: /home/c4pt/opt/CURRENTRADIO/radioCOIN/radiocoin/./radio/radiocoin.conf (not found, skipping)
2021-05-27T10:21:36Z Using at most 125 automatic connections (1024 file descriptors available)
2021-05-27T10:21:36Z Warning: relative datadir option './radio' specified, which will be interpreted relative to the current working directory '/home/c4pt/opt/CURRENTRADIO/radioCOIN/radiocoin'. This is fragile, because if radiocoin is started in the future from a different location, it will be unable to locate the current data files. There could also be data loss if radiocoin is started while in a temporary directory.
2021-05-27T10:21:36Z Using 16 MiB out of 32/2 requested for signature cache, able to store 524288 elements
2021-05-27T10:21:36Z Using 16 MiB out of 32/2 requested for script execution cache, able to store 524288 elements
2021-05-27T10:21:36Z Using 16 threads for script verification
2021-05-27T10:21:36Z scheduler thread start
2021-05-27T10:21:36Z scrypt: using scrypt-sse2 as built.
2021-05-27T10:21:36Z Using wallet directory /home/c4pt/opt/CURRENTRADIO/radioCOIN/radiocoin/./radio
2021-05-27T10:21:36Z init message: Verifying wallet(s)...
2021-05-27T10:21:36Z Using BerkeleyDB version Berkeley DB 5.3.28: (September  9, 2013)
2021-05-27T10:21:36Z Using wallet /home/c4pt/opt/CURRENTRADIO/radioCOIN/radiocoin/./radio
2021-05-27T10:21:36Z BerkeleyEnvironment::Open: LogDir=/home/c4pt/opt/CURRENTRADIO/radioCOIN/radiocoin/./radio/database ErrorFile=/home/c4pt/opt/CURRENTRADIO/radioCOIN/radiocoin/./radio/db.log
2021-05-27T10:21:36Z init message: Loading banlist...
2021-05-27T10:21:36Z ERROR: DeserializeFileDB: Failed to open file /home/c4pt/opt/CURRENTRADIO/radioCOIN/radiocoin/./radio/banlist.dat
2021-05-27T10:21:36Z Invalid or missing banlist.dat; recreating
2021-05-27T10:21:36Z Cache configuration:
2021-05-27T10:21:36Z * Using 2.0 MiB for block index database
2021-05-27T10:21:36Z * Using 8.0 MiB for chain state database
2021-05-27T10:21:36Z * Using 440.0 MiB for in-memory UTXO set (plus up to 286.1 MiB of unused mempool space)
2021-05-27T10:21:36Z init message: Loading block index...
2021-05-27T10:21:36Z Opening LevelDB in /home/c4pt/opt/CURRENTRADIO/radioCOIN/radiocoin/./radio/blocks/index
2021-05-27T10:21:36Z Opened LevelDB successfully
2021-05-27T10:21:36Z Using obfuscation key for /home/c4pt/opt/CURRENTRADIO/radioCOIN/radiocoin/./radio/blocks/index: 0000000000000000
2021-05-27T10:21:36Z LoadBlockIndexDB: last block file = 0
2021-05-27T10:21:36Z LoadBlockIndexDB: last block file info: CBlockFileInfo(blocks=0, size=0, heights=0...0, time=1970-01-01...1970-01-01)
2021-05-27T10:21:36Z Checking all blk files are present...
2021-05-27T10:21:36Z Initializing databases...
2021-05-27T10:21:36Z Pre-allocating up to position 0x1000000 in blk00000.dat
2021-05-27T10:21:36Z Opening LevelDB in /home/c4pt/opt/CURRENTRADIO/radioCOIN/radiocoin/./radio/chainstate
2021-05-27T10:21:36Z Opened LevelDB successfully
2021-05-27T10:21:36Z Wrote new obfuscate key for /home/c4pt/opt/CURRENTRADIO/radioCOIN/radiocoin/./radio/chainstate: bd35bd2ac41c5e0a
2021-05-27T10:21:36Z Using obfuscation key for /home/c4pt/opt/CURRENTRADIO/radioCOIN/radiocoin/./radio/chainstate: bd35bd2ac41c5e0a
2021-05-27T10:21:36Z init message: Rewinding blocks...
2021-05-27T10:21:36Z  block index             269ms
2021-05-27T10:21:36Z init message: Loading wallet...
2021-05-27T10:21:36Z BerkeleyEnvironment::Open: LogDir=/home/c4pt/opt/CURRENTRADIO/radioCOIN/radiocoin/./radio/database ErrorFile=/home/c4pt/opt/CURRENTRADIO/radioCOIN/radiocoin/./radio/db.log
2021-05-27T10:21:36Z [default wallet] nFileVersion = 180100
2021-05-27T10:21:36Z [default wallet] Keys: 0 plaintext, 0 encrypted, 0 w/ metadata, 0 total. Unknown wallet records: 0
2021-05-27T10:21:37Z [default wallet] Performing wallet upgrade to 169900
2021-05-27T10:21:38Z [default wallet] keypool added 2000 keys (1000 internal), size=2000 (1000 internal)
2021-05-27T10:21:39Z [default wallet] Wallet completed loading in            2350ms
2021-05-27T10:21:39Z [default wallet] setKeyPool.size() = 2000
2021-05-27T10:21:39Z [default wallet] mapWallet.size() = 0
2021-05-27T10:21:39Z [default wallet] mapAddressBook.size() = 0
2021-05-27T10:21:39Z UpdateTip: new best=000001e9acc96b8e81f0aca297e3a5e5a9823bf3d3c3f380e9cda02e181de8be height=0 version=0x00000001 log2_work=20.000022 tx=1 date='2021-05-22T23:19:58Z' progress=1.000000 cache=0.0MiB(0txo)
2021-05-27T10:21:39Z mapBlockIndex.size() = 1
2021-05-27T10:21:39Z Failed to open mempool file from disk. Continuing anyway.
2021-05-27T10:21:39Z nBestHeight = 0
2021-05-27T10:21:39Z torcontrol thread start
2021-05-27T10:21:39Z Bound to [::]:9333
2021-05-27T10:21:39Z Bound to 0.0.0.0:9333
2021-05-27T10:21:39Z init message: Loading P2P addresses...
2021-05-27T10:21:39Z ERROR: DeserializeFileDB: Failed to open file /home/c4pt/opt/CURRENTRADIO/radioCOIN/radiocoin/./radio/peers.dat
2021-05-27T10:21:39Z Invalid or missing peers.dat; recreating
2021-05-27T10:21:39Z init message: Starting network threads...
2021-05-27T10:21:39Z net thread start
2021-05-27T10:21:39Z dnsseed thread start
2021-05-27T10:21:39Z Loading addresses from DNS seeds (could take a while)
2021-05-27T10:21:39Z 0 addresses found from DNS seeds
2021-05-27T10:21:39Z dnsseed thread exit
2021-05-27T10:21:39Z opencon thread start
2021-05-27T10:21:39Z addcon thread start
2021-05-27T10:21:39Z msghand thread start
2021-05-27T10:21:39Z init message: Done loading
2021-05-27T10:21:39Z GUI: Platform customization: "other"
2021-05-27T10:21:39Z GUI: PaymentServer::LoadRootCAs: Loaded  268  root certificates
2021-05-27T10:21:45Z tor: Thread interrupt
2021-05-27T10:21:45Z Shutdown: In progress...
2021-05-27T10:21:45Z torcontrol thread exit
2021-05-27T10:21:45Z opencon thread exit
2021-05-27T10:21:45Z addcon thread exit
2021-05-27T10:21:45Z net thread exit
2021-05-27T10:21:45Z msghand thread exit
2021-05-27T10:21:46Z scheduler thread interrupt
2021-05-27T10:21:46Z Dumped mempool: 5e-06s to copy, 0.047888s to dump
2021-05-27T10:21:46Z [default wallet] Releasing wallet
2021-05-27T10:21:46Z Shutdown: done
2021-05-27T10:21:51Z 




2021-05-27T10:21:51Z RadioCoin Core version v0.18.1.0-f43983e-dirty (release build)
2021-05-27T10:21:51Z Validating signatures for all blocks.
2021-05-27T10:21:51Z Setting nMinimumChainWork=0000000000000000000000000000000000000000000002ee655bf00bf13b4cca
2021-05-27T10:21:51Z Using the 'sse4(1way),sse41(4way),avx2(8way)' SHA256 implementation
2021-05-27T10:21:51Z Using RdRand as an additional entropy source
2021-05-27T10:21:51Z Default data directory /root/.radiocoin
2021-05-27T10:21:51Z Using data directory /home/c4pt/opt/CURRENTRADIO/radioCOIN/radiocoin/./radio
2021-05-27T10:21:51Z Config file: /home/c4pt/opt/CURRENTRADIO/radioCOIN/radiocoin/./radio/radiocoin.conf (not found, skipping)
2021-05-27T10:21:51Z Using at most 125 automatic connections (1024 file descriptors available)
2021-05-27T10:21:51Z Warning: relative datadir option './radio' specified, which will be interpreted relative to the current working directory '/home/c4pt/opt/CURRENTRADIO/radioCOIN/radiocoin'. This is fragile, because if radiocoin is started in the future from a different location, it will be unable to locate the current data files. There could also be data loss if radiocoin is started while in a temporary directory.
2021-05-27T10:21:51Z Using 16 MiB out of 32/2 requested for signature cache, able to store 524288 elements
2021-05-27T10:21:51Z Using 16 MiB out of 32/2 requested for script execution cache, able to store 524288 elements
2021-05-27T10:21:51Z Using 16 threads for script verification
2021-05-27T10:21:51Z scheduler thread start
2021-05-27T10:21:51Z scrypt: using scrypt-sse2 as built.
2021-05-27T10:21:51Z Using wallet directory /home/c4pt/opt/CURRENTRADIO/radioCOIN/radiocoin/./radio
2021-05-27T10:21:51Z init message: Verifying wallet(s)...
2021-05-27T10:21:51Z Using BerkeleyDB version Berkeley DB 5.3.28: (September  9, 2013)
2021-05-27T10:21:51Z Using wallet /home/c4pt/opt/CURRENTRADIO/radioCOIN/radiocoin/./radio
2021-05-27T10:21:51Z BerkeleyEnvironment::Open: LogDir=/home/c4pt/opt/CURRENTRADIO/radioCOIN/radiocoin/./radio/database ErrorFile=/home/c4pt/opt/CURRENTRADIO/radioCOIN/radiocoin/./radio/db.log
2021-05-27T10:21:51Z init message: Loading banlist...
2021-05-27T10:21:51Z Cache configuration:
2021-05-27T10:21:51Z * Using 2.0 MiB for block index database
2021-05-27T10:21:51Z * Using 8.0 MiB for chain state database
2021-05-27T10:21:51Z * Using 440.0 MiB for in-memory UTXO set (plus up to 286.1 MiB of unused mempool space)
2021-05-27T10:21:51Z init message: Loading block index...
2021-05-27T10:21:51Z Opening LevelDB in /home/c4pt/opt/CURRENTRADIO/radioCOIN/radiocoin/./radio/blocks/index
2021-05-27T10:21:51Z Opened LevelDB successfully
2021-05-27T10:21:51Z Using obfuscation key for /home/c4pt/opt/CURRENTRADIO/radioCOIN/radiocoin/./radio/blocks/index: 0000000000000000
2021-05-27T10:21:51Z LoadBlockIndexDB: last block file = 0
2021-05-27T10:21:51Z LoadBlockIndexDB: last block file info: CBlockFileInfo(blocks=1, size=260, heights=0...0, time=2021-05-22...2021-05-22)
2021-05-27T10:21:51Z Checking all blk files are present...
2021-05-27T10:21:51Z Opening LevelDB in /home/c4pt/opt/CURRENTRADIO/radioCOIN/radiocoin/./radio/chainstate
2021-05-27T10:21:51Z Opened LevelDB successfully
2021-05-27T10:21:51Z Using obfuscation key for /home/c4pt/opt/CURRENTRADIO/radioCOIN/radiocoin/./radio/chainstate: bd35bd2ac41c5e0a
2021-05-27T10:21:51Z Loaded best chain: hashBestChain=000001e9acc96b8e81f0aca297e3a5e5a9823bf3d3c3f380e9cda02e181de8be height=0 date=2021-05-22T23:19:58Z progress=1.000000
2021-05-27T10:21:51Z init message: Rewinding blocks...
2021-05-27T10:21:51Z init message: Verifying blocks...
2021-05-27T10:21:51Z  block index             360ms
2021-05-27T10:21:51Z init message: Loading wallet...
2021-05-27T10:21:51Z BerkeleyEnvironment::Open: LogDir=/home/c4pt/opt/CURRENTRADIO/radioCOIN/radiocoin/./radio/database ErrorFile=/home/c4pt/opt/CURRENTRADIO/radioCOIN/radiocoin/./radio/db.log
2021-05-27T10:21:51Z [default wallet] nFileVersion = 180100
2021-05-27T10:21:51Z [default wallet] Keys: 2001 plaintext, 0 encrypted, 2001 w/ metadata, 2001 total. Unknown wallet records: 0
2021-05-27T10:21:51Z [default wallet] Wallet completed loading in              45ms
2021-05-27T10:21:51Z [default wallet] setKeyPool.size() = 2000
2021-05-27T10:21:51Z [default wallet] mapWallet.size() = 0
2021-05-27T10:21:51Z [default wallet] mapAddressBook.size() = 0
2021-05-27T10:21:51Z mapBlockIndex.size() = 1
2021-05-27T10:21:51Z nBestHeight = 0
2021-05-27T10:21:51Z Imported mempool transactions from disk: 0 succeeded, 0 failed, 0 expired, 0 already there
2021-05-27T10:21:51Z torcontrol thread start
2021-05-27T10:21:51Z Bound to [::]:9333
2021-05-27T10:21:51Z Bound to 0.0.0.0:9333
2021-05-27T10:21:51Z init message: Loading P2P addresses...
2021-05-27T10:21:51Z Loaded 0 addresses from peers.dat  0ms
2021-05-27T10:21:51Z init message: Starting network threads...
2021-05-27T10:21:51Z net thread start
2021-05-27T10:21:51Z dnsseed thread start
2021-05-27T10:21:51Z Loading addresses from DNS seeds (could take a while)
2021-05-27T10:21:51Z 0 addresses found from DNS seeds
2021-05-27T10:21:51Z addcon thread start
2021-05-27T10:21:51Z dnsseed thread exit
2021-05-27T10:21:51Z init message: Done loading
2021-05-27T10:21:51Z msghand thread start
2021-05-27T10:21:51Z opencon thread start
2021-05-27T10:21:51Z GUI: Platform customization: "other"
2021-05-27T10:21:51Z GUI: PaymentServer::LoadRootCAs: Loaded  268  root certificates
2021-05-27T10:22:52Z Adding fixed seed nodes as DNS doesn't seem to be available.
2021-05-27T10:23:39Z New outbound peer connected: version: 70015, blocks=2059592, peer=2
2021-05-27T10:23:39Z ERROR: AcceptBlockHeader: Consensus::CheckBlockHeader: 80ca095ed10b02e53d769eb6eaf92cd04e9e0759e5be4a8477b42911ba49c78f, high-hash, proof of work failed (code 16)
2021-05-27T10:23:51Z ERROR: AcceptBlockHeader: Consensus::CheckBlockHeader: 80ca095ed10b02e53d769eb6eaf92cd04e9e0759e5be4a8477b42911ba49c78f, high-hash, proof of work failed (code 16)
2021-05-27T10:26:35Z New outbound peer connected: version: 70015, blocks=2059593, peer=4
2021-05-27T10:26:36Z ERROR: AcceptBlockHeader: Consensus::CheckBlockHeader: 80ca095ed10b02e53d769eb6eaf92cd04e9e0759e5be4a8477b42911ba49c78f, high-hash, proof of work failed (code 16)
