2021-05-27T09:02:15Z 




2021-05-27T09:02:15Z RadioCoin Core version v0.18.1.0-f43983e-dirty (release build)
2021-05-27T09:02:15Z Validating signatures for all blocks.
2021-05-27T09:02:15Z Setting nMinimumChainWork=0000000000000000000000000000000000000000000000000000000000000000
2021-05-27T09:02:15Z Using the 'sse4(1way),sse41(4way),avx2(8way)' SHA256 implementation
2021-05-27T09:02:15Z Using RdRand as an additional entropy source
2021-05-27T09:02:15Z Default data directory /root/.radiocoin
2021-05-27T09:02:15Z Using data directory /home/c4pt/opt/CURRENTRADIO/radioCOIN/radiocoin/./bnode
2021-05-27T09:02:15Z Config file: /home/c4pt/opt/CURRENTRADIO/radioCOIN/radiocoin/./bnode/radiocoin.conf (not found, skipping)
2021-05-27T09:02:15Z Using at most 125 automatic connections (1024 file descriptors available)
2021-05-27T09:02:15Z Warning: relative datadir option './bnode' specified, which will be interpreted relative to the current working directory '/home/c4pt/opt/CURRENTRADIO/radioCOIN/radiocoin'. This is fragile, because if radiocoin is started in the future from a different location, it will be unable to locate the current data files. There could also be data loss if radiocoin is started while in a temporary directory.
2021-05-27T09:02:15Z Using 16 MiB out of 32/2 requested for signature cache, able to store 524288 elements
2021-05-27T09:02:15Z Using 16 MiB out of 32/2 requested for script execution cache, able to store 524288 elements
2021-05-27T09:02:15Z Using 16 threads for script verification
2021-05-27T09:02:15Z scheduler thread start
2021-05-27T09:02:15Z HTTP: creating work queue of depth 16
2021-05-27T09:02:15Z Config options rpcuser and rpcpassword will soon be deprecated. Locally-run instances may remove rpcuser to use cookie-based auth, or may be replaced with rpcauth. Please see share/rpcauth for rpcauth auth generation.
2021-05-27T09:02:15Z HTTP: starting 4 worker threads
2021-05-27T09:02:15Z scrypt: using scrypt-sse2 as built.
2021-05-27T09:02:15Z Using wallet directory /home/c4pt/opt/CURRENTRADIO/radioCOIN/radiocoin/./bnode
2021-05-27T09:02:15Z init message: Verifying wallet(s)...
2021-05-27T09:02:15Z Using BerkeleyDB version Berkeley DB 5.3.28: (September  9, 2013)
2021-05-27T09:02:15Z Using wallet /home/c4pt/opt/CURRENTRADIO/radioCOIN/radiocoin/./bnode
2021-05-27T09:02:15Z BerkeleyEnvironment::Open: LogDir=/home/c4pt/opt/CURRENTRADIO/radioCOIN/radiocoin/./bnode/database ErrorFile=/home/c4pt/opt/CURRENTRADIO/radioCOIN/radiocoin/./bnode/db.log
2021-05-27T09:02:15Z init message: Loading banlist...
2021-05-27T09:02:15Z ERROR: DeserializeFileDB: Failed to open file /home/c4pt/opt/CURRENTRADIO/radioCOIN/radiocoin/./bnode/banlist.dat
2021-05-27T09:02:15Z Invalid or missing banlist.dat; recreating
2021-05-27T09:02:15Z Cache configuration:
2021-05-27T09:02:15Z * Using 2.0 MiB for block index database
2021-05-27T09:02:15Z * Using 8.0 MiB for chain state database
2021-05-27T09:02:15Z * Using 440.0 MiB for in-memory UTXO set (plus up to 286.1 MiB of unused mempool space)
2021-05-27T09:02:15Z init message: Loading block index...
2021-05-27T09:02:15Z Opening LevelDB in /home/c4pt/opt/CURRENTRADIO/radioCOIN/radiocoin/./bnode/blocks/index
2021-05-27T09:02:15Z Opened LevelDB successfully
2021-05-27T09:02:15Z Using obfuscation key for /home/c4pt/opt/CURRENTRADIO/radioCOIN/radiocoin/./bnode/blocks/index: 0000000000000000
2021-05-27T09:02:15Z LoadBlockIndexDB: last block file = 0
2021-05-27T09:02:15Z LoadBlockIndexDB: last block file info: CBlockFileInfo(blocks=0, size=0, heights=0...0, time=1970-01-01...1970-01-01)
2021-05-27T09:02:15Z Checking all blk files are present...
2021-05-27T09:02:15Z Initializing databases...
2021-05-27T09:02:15Z Pre-allocating up to position 0x1000000 in blk00000.dat
2021-05-27T09:02:15Z Opening LevelDB in /home/c4pt/opt/CURRENTRADIO/radioCOIN/radiocoin/./bnode/chainstate
2021-05-27T09:02:15Z Opened LevelDB successfully
2021-05-27T09:02:15Z Wrote new obfuscate key for /home/c4pt/opt/CURRENTRADIO/radioCOIN/radiocoin/./bnode/chainstate: 7c226b7ce84aac6f
2021-05-27T09:02:15Z Using obfuscation key for /home/c4pt/opt/CURRENTRADIO/radioCOIN/radiocoin/./bnode/chainstate: 7c226b7ce84aac6f
2021-05-27T09:02:15Z init message: Rewinding blocks...
2021-05-27T09:02:15Z  block index             369ms
2021-05-27T09:02:15Z init message: Loading wallet...
2021-05-27T09:02:15Z BerkeleyEnvironment::Open: LogDir=/home/c4pt/opt/CURRENTRADIO/radioCOIN/radiocoin/./bnode/database ErrorFile=/home/c4pt/opt/CURRENTRADIO/radioCOIN/radiocoin/./bnode/db.log
2021-05-27T09:02:15Z [default wallet] nFileVersion = 180100
2021-05-27T09:02:15Z [default wallet] Keys: 0 plaintext, 0 encrypted, 0 w/ metadata, 0 total. Unknown wallet records: 0
2021-05-27T09:02:16Z [default wallet] Performing wallet upgrade to 169900
2021-05-27T09:02:17Z [default wallet] keypool added 2000 keys (1000 internal), size=2000 (1000 internal)
2021-05-27T09:02:18Z [default wallet] Wallet completed loading in            2297ms
2021-05-27T09:02:18Z [default wallet] setKeyPool.size() = 2000
2021-05-27T09:02:18Z [default wallet] mapWallet.size() = 0
2021-05-27T09:02:18Z [default wallet] mapAddressBook.size() = 0
2021-05-27T09:02:18Z ERROR: ConnectBlock: Consensus::CheckBlock: high-hash, proof of work failed (code 16)
2021-05-27T09:02:18Z InvalidChainFound: invalid block=000001e9acc96b8e81f0aca297e3a5e5a9823bf3d3c3f380e9cda02e181de8be  height=0  log2_work=20.000022  date=2021-05-22T23:19:58Z
2021-05-27T09:02:43Z 




2021-05-27T09:02:43Z RadioCoin Core version v0.18.1.0-f43983e-dirty (release build)
2021-05-27T09:02:43Z Validating signatures for all blocks.
2021-05-27T09:02:43Z Setting nMinimumChainWork=0000000000000000000000000000000000000000000000000000000000000000
2021-05-27T09:02:43Z Using the 'sse4(1way),sse41(4way),avx2(8way)' SHA256 implementation
2021-05-27T09:02:43Z Using RdRand as an additional entropy source
2021-05-27T09:02:43Z Default data directory /root/.radiocoin
2021-05-27T09:02:43Z Using data directory /home/c4pt/opt/CURRENTRADIO/radioCOIN/radiocoin/./bnode
2021-05-27T09:02:43Z Config file: /home/c4pt/opt/CURRENTRADIO/radioCOIN/radiocoin/./bnode/radiocoin.conf (not found, skipping)
2021-05-27T09:02:43Z Using at most 125 automatic connections (1024 file descriptors available)
2021-05-27T09:02:43Z Warning: relative datadir option './bnode' specified, which will be interpreted relative to the current working directory '/home/c4pt/opt/CURRENTRADIO/radioCOIN/radiocoin'. This is fragile, because if radiocoin is started in the future from a different location, it will be unable to locate the current data files. There could also be data loss if radiocoin is started while in a temporary directory.
2021-05-27T09:02:43Z Using 16 MiB out of 32/2 requested for signature cache, able to store 524288 elements
2021-05-27T09:02:43Z Using 16 MiB out of 32/2 requested for script execution cache, able to store 524288 elements
2021-05-27T09:02:43Z Using 16 threads for script verification
2021-05-27T09:02:43Z scheduler thread start
2021-05-27T09:02:43Z HTTP: creating work queue of depth 16
2021-05-27T09:02:43Z Config options rpcuser and rpcpassword will soon be deprecated. Locally-run instances may remove rpcuser to use cookie-based auth, or may be replaced with rpcauth. Please see share/rpcauth for rpcauth auth generation.
2021-05-27T09:02:43Z HTTP: starting 4 worker threads
2021-05-27T09:02:43Z scrypt: using scrypt-sse2 as built.
2021-05-27T09:02:43Z Using wallet directory /home/c4pt/opt/CURRENTRADIO/radioCOIN/radiocoin/./bnode
2021-05-27T09:02:43Z init message: Verifying wallet(s)...
2021-05-27T09:02:43Z Using BerkeleyDB version Berkeley DB 5.3.28: (September  9, 2013)
2021-05-27T09:02:43Z Using wallet /home/c4pt/opt/CURRENTRADIO/radioCOIN/radiocoin/./bnode
2021-05-27T09:02:43Z BerkeleyEnvironment::Open: LogDir=/home/c4pt/opt/CURRENTRADIO/radioCOIN/radiocoin/./bnode/database ErrorFile=/home/c4pt/opt/CURRENTRADIO/radioCOIN/radiocoin/./bnode/db.log
2021-05-27T09:02:43Z init message: Loading banlist...
2021-05-27T09:02:43Z Cache configuration:
2021-05-27T09:02:43Z * Using 2.0 MiB for block index database
2021-05-27T09:02:43Z * Using 8.0 MiB for chain state database
2021-05-27T09:02:43Z * Using 440.0 MiB for in-memory UTXO set (plus up to 286.1 MiB of unused mempool space)
2021-05-27T09:02:43Z init message: Loading block index...
2021-05-27T09:02:43Z Opening LevelDB in /home/c4pt/opt/CURRENTRADIO/radioCOIN/radiocoin/./bnode/blocks/index
2021-05-27T09:02:43Z Opened LevelDB successfully
2021-05-27T09:02:43Z Using obfuscation key for /home/c4pt/opt/CURRENTRADIO/radioCOIN/radiocoin/./bnode/blocks/index: 0000000000000000
2021-05-27T09:02:43Z LoadBlockIndexDB: last block file = 0
2021-05-27T09:02:43Z LoadBlockIndexDB: last block file info: CBlockFileInfo(blocks=0, size=0, heights=0...0, time=1970-01-01...1970-01-01)
2021-05-27T09:02:43Z Checking all blk files are present...
2021-05-27T09:02:43Z Initializing databases...
2021-05-27T09:02:43Z Pre-allocating up to position 0x1000000 in blk00000.dat
2021-05-27T09:02:43Z Opening LevelDB in /home/c4pt/opt/CURRENTRADIO/radioCOIN/radiocoin/./bnode/chainstate
2021-05-27T09:02:44Z Opened LevelDB successfully
2021-05-27T09:02:44Z Using obfuscation key for /home/c4pt/opt/CURRENTRADIO/radioCOIN/radiocoin/./bnode/chainstate: 7c226b7ce84aac6f
2021-05-27T09:02:44Z init message: Rewinding blocks...
2021-05-27T09:02:44Z  block index             259ms
2021-05-27T09:02:44Z init message: Loading wallet...
2021-05-27T09:02:44Z BerkeleyEnvironment::Open: LogDir=/home/c4pt/opt/CURRENTRADIO/radioCOIN/radiocoin/./bnode/database ErrorFile=/home/c4pt/opt/CURRENTRADIO/radioCOIN/radiocoin/./bnode/db.log
2021-05-27T09:02:44Z [default wallet] nFileVersion = 180100
2021-05-27T09:02:44Z [default wallet] Keys: 2001 plaintext, 0 encrypted, 2001 w/ metadata, 2001 total. Unknown wallet records: 0
2021-05-27T09:02:44Z [default wallet] Wallet completed loading in              56ms
2021-05-27T09:02:44Z [default wallet] setKeyPool.size() = 2000
2021-05-27T09:02:44Z [default wallet] mapWallet.size() = 0
2021-05-27T09:02:44Z [default wallet] mapAddressBook.size() = 0
2021-05-27T09:02:44Z ERROR: ConnectBlock: Consensus::CheckBlock: high-hash, proof of work failed (code 16)
2021-05-27T09:02:44Z InvalidChainFound: invalid block=000001e9acc96b8e81f0aca297e3a5e5a9823bf3d3c3f380e9cda02e181de8be  height=0  log2_work=20.000022  date=2021-05-22T23:19:58Z
2021-05-27T09:02:54Z 




2021-05-27T09:02:54Z RadioCoin Core version v0.18.1.0-f43983e-dirty (release build)
2021-05-27T09:02:54Z Validating signatures for all blocks.
2021-05-27T09:02:54Z Setting nMinimumChainWork=0000000000000000000000000000000000000000000000000000000000000000
2021-05-27T09:02:54Z Using the 'sse4(1way),sse41(4way),avx2(8way)' SHA256 implementation
2021-05-27T09:02:54Z Using RdRand as an additional entropy source
2021-05-27T09:02:54Z Default data directory /root/.radiocoin
2021-05-27T09:02:54Z Using data directory /home/c4pt/opt/CURRENTRADIO/radioCOIN/radiocoin/./bnode
2021-05-27T09:02:54Z Config file: /home/c4pt/opt/CURRENTRADIO/radioCOIN/radiocoin/./bnode/radiocoin.conf (not found, skipping)
2021-05-27T09:02:54Z Using at most 125 automatic connections (1024 file descriptors available)
2021-05-27T09:02:54Z Warning: relative datadir option './bnode' specified, which will be interpreted relative to the current working directory '/home/c4pt/opt/CURRENTRADIO/radioCOIN/radiocoin'. This is fragile, because if radiocoin is started in the future from a different location, it will be unable to locate the current data files. There could also be data loss if radiocoin is started while in a temporary directory.
2021-05-27T09:02:54Z Using 16 MiB out of 32/2 requested for signature cache, able to store 524288 elements
2021-05-27T09:02:54Z Using 16 MiB out of 32/2 requested for script execution cache, able to store 524288 elements
2021-05-27T09:02:54Z Using 16 threads for script verification
2021-05-27T09:02:54Z scheduler thread start
2021-05-27T09:02:54Z HTTP: creating work queue of depth 16
2021-05-27T09:02:54Z Config options rpcuser and rpcpassword will soon be deprecated. Locally-run instances may remove rpcuser to use cookie-based auth, or may be replaced with rpcauth. Please see share/rpcauth for rpcauth auth generation.
2021-05-27T09:02:54Z HTTP: starting 4 worker threads
2021-05-27T09:02:54Z scrypt: using scrypt-sse2 as built.
2021-05-27T09:02:54Z Using wallet directory /home/c4pt/opt/CURRENTRADIO/radioCOIN/radiocoin/./bnode
2021-05-27T09:02:54Z init message: Verifying wallet(s)...
2021-05-27T09:02:54Z Using BerkeleyDB version Berkeley DB 5.3.28: (September  9, 2013)
2021-05-27T09:02:54Z Using wallet /home/c4pt/opt/CURRENTRADIO/radioCOIN/radiocoin/./bnode
2021-05-27T09:02:54Z BerkeleyEnvironment::Open: LogDir=/home/c4pt/opt/CURRENTRADIO/radioCOIN/radiocoin/./bnode/database ErrorFile=/home/c4pt/opt/CURRENTRADIO/radioCOIN/radiocoin/./bnode/db.log
2021-05-27T09:02:54Z init message: Loading banlist...
2021-05-27T09:02:54Z Cache configuration:
2021-05-27T09:02:54Z * Using 2.0 MiB for block index database
2021-05-27T09:02:54Z * Using 8.0 MiB for chain state database
2021-05-27T09:02:54Z * Using 440.0 MiB for in-memory UTXO set (plus up to 286.1 MiB of unused mempool space)
2021-05-27T09:02:54Z init message: Loading block index...
2021-05-27T09:02:54Z Opening LevelDB in /home/c4pt/opt/CURRENTRADIO/radioCOIN/radiocoin/./bnode/blocks/index
2021-05-27T09:02:55Z Opened LevelDB successfully
2021-05-27T09:02:55Z Using obfuscation key for /home/c4pt/opt/CURRENTRADIO/radioCOIN/radiocoin/./bnode/blocks/index: 0000000000000000
2021-05-27T09:02:55Z LoadBlockIndexDB: last block file = 0
2021-05-27T09:02:55Z LoadBlockIndexDB: last block file info: CBlockFileInfo(blocks=0, size=0, heights=0...0, time=1970-01-01...1970-01-01)
2021-05-27T09:02:55Z Checking all blk files are present...
2021-05-27T09:02:55Z Initializing databases...
2021-05-27T09:02:55Z Pre-allocating up to position 0x1000000 in blk00000.dat
2021-05-27T09:02:55Z Opening LevelDB in /home/c4pt/opt/CURRENTRADIO/radioCOIN/radiocoin/./bnode/chainstate
2021-05-27T09:02:55Z Opened LevelDB successfully
2021-05-27T09:02:55Z Using obfuscation key for /home/c4pt/opt/CURRENTRADIO/radioCOIN/radiocoin/./bnode/chainstate: 7c226b7ce84aac6f
2021-05-27T09:02:55Z init message: Rewinding blocks...
2021-05-27T09:02:55Z  block index             202ms
2021-05-27T09:02:55Z init message: Loading wallet...
2021-05-27T09:02:55Z BerkeleyEnvironment::Open: LogDir=/home/c4pt/opt/CURRENTRADIO/radioCOIN/radiocoin/./bnode/database ErrorFile=/home/c4pt/opt/CURRENTRADIO/radioCOIN/radiocoin/./bnode/db.log
2021-05-27T09:02:55Z [default wallet] nFileVersion = 180100
2021-05-27T09:02:55Z [default wallet] Keys: 2001 plaintext, 0 encrypted, 2001 w/ metadata, 2001 total. Unknown wallet records: 0
2021-05-27T09:02:55Z [default wallet] Wallet completed loading in              55ms
2021-05-27T09:02:55Z [default wallet] setKeyPool.size() = 2000
2021-05-27T09:02:55Z [default wallet] mapWallet.size() = 0
2021-05-27T09:02:55Z [default wallet] mapAddressBook.size() = 0
2021-05-27T09:02:55Z ERROR: ConnectBlock: Consensus::CheckBlock: high-hash, proof of work failed (code 16)
2021-05-27T09:02:55Z InvalidChainFound: invalid block=000001e9acc96b8e81f0aca297e3a5e5a9823bf3d3c3f380e9cda02e181de8be  height=0  log2_work=20.000022  date=2021-05-22T23:19:58Z
2021-05-27T09:24:39Z 




2021-05-27T09:24:39Z RadioCoin Core version v0.18.1.0-f43983e-dirty (release build)
2021-05-27T09:24:39Z Validating signatures for all blocks.
2021-05-27T09:24:39Z Setting nMinimumChainWork=0000000000000000000000000000000000000000000002ee655bf00bf13b4cca
2021-05-27T09:24:39Z Using the 'sse4(1way),sse41(4way),avx2(8way)' SHA256 implementation
2021-05-27T09:24:39Z Using RdRand as an additional entropy source
2021-05-27T09:24:39Z Default data directory /root/.radiocoin
2021-05-27T09:24:39Z Using data directory /home/c4pt/opt/CURRENTRADIO/radioCOIN/radiocoin/./bnode
2021-05-27T09:24:39Z Config file: /home/c4pt/opt/CURRENTRADIO/radioCOIN/radiocoin/./bnode/radiocoin.conf (not found, skipping)
2021-05-27T09:24:39Z Using at most 125 automatic connections (1024 file descriptors available)
2021-05-27T09:24:39Z Warning: relative datadir option './bnode' specified, which will be interpreted relative to the current working directory '/home/c4pt/opt/CURRENTRADIO/radioCOIN/radiocoin'. This is fragile, because if radiocoin is started in the future from a different location, it will be unable to locate the current data files. There could also be data loss if radiocoin is started while in a temporary directory.
2021-05-27T09:24:39Z Using 16 MiB out of 32/2 requested for signature cache, able to store 524288 elements
2021-05-27T09:24:39Z Using 16 MiB out of 32/2 requested for script execution cache, able to store 524288 elements
2021-05-27T09:24:39Z Using 16 threads for script verification
2021-05-27T09:24:39Z scheduler thread start
2021-05-27T09:24:39Z HTTP: creating work queue of depth 16
2021-05-27T09:24:39Z Config options rpcuser and rpcpassword will soon be deprecated. Locally-run instances may remove rpcuser to use cookie-based auth, or may be replaced with rpcauth. Please see share/rpcauth for rpcauth auth generation.
2021-05-27T09:24:39Z HTTP: starting 4 worker threads
2021-05-27T09:24:39Z scrypt: using scrypt-sse2 as built.
2021-05-27T09:24:39Z Using wallet directory /home/c4pt/opt/CURRENTRADIO/radioCOIN/radiocoin/./bnode
2021-05-27T09:24:39Z init message: Verifying wallet(s)...
2021-05-27T09:24:39Z Using BerkeleyDB version Berkeley DB 5.3.28: (September  9, 2013)
2021-05-27T09:24:39Z Using wallet /home/c4pt/opt/CURRENTRADIO/radioCOIN/radiocoin/./bnode
2021-05-27T09:24:39Z BerkeleyEnvironment::Open: LogDir=/home/c4pt/opt/CURRENTRADIO/radioCOIN/radiocoin/./bnode/database ErrorFile=/home/c4pt/opt/CURRENTRADIO/radioCOIN/radiocoin/./bnode/db.log
2021-05-27T09:24:39Z init message: Loading banlist...
2021-05-27T09:24:39Z Cache configuration:
2021-05-27T09:24:39Z * Using 2.0 MiB for block index database
2021-05-27T09:24:39Z * Using 8.0 MiB for chain state database
2021-05-27T09:24:39Z * Using 440.0 MiB for in-memory UTXO set (plus up to 286.1 MiB of unused mempool space)
2021-05-27T09:24:39Z init message: Loading block index...
2021-05-27T09:24:39Z Opening LevelDB in /home/c4pt/opt/CURRENTRADIO/radioCOIN/radiocoin/./bnode/blocks/index
2021-05-27T09:24:39Z Opened LevelDB successfully
2021-05-27T09:24:39Z Using obfuscation key for /home/c4pt/opt/CURRENTRADIO/radioCOIN/radiocoin/./bnode/blocks/index: 0000000000000000
2021-05-27T09:24:39Z LoadBlockIndexDB: last block file = 0
2021-05-27T09:24:39Z LoadBlockIndexDB: last block file info: CBlockFileInfo(blocks=0, size=0, heights=0...0, time=1970-01-01...1970-01-01)
2021-05-27T09:24:39Z Checking all blk files are present...
2021-05-27T09:24:39Z Initializing databases...
2021-05-27T09:24:39Z Pre-allocating up to position 0x1000000 in blk00000.dat
2021-05-27T09:24:39Z Opening LevelDB in /home/c4pt/opt/CURRENTRADIO/radioCOIN/radiocoin/./bnode/chainstate
2021-05-27T09:24:39Z Opened LevelDB successfully
2021-05-27T09:24:39Z Using obfuscation key for /home/c4pt/opt/CURRENTRADIO/radioCOIN/radiocoin/./bnode/chainstate: 7c226b7ce84aac6f
2021-05-27T09:24:39Z init message: Rewinding blocks...
2021-05-27T09:24:39Z  block index             275ms
2021-05-27T09:24:39Z init message: Loading wallet...
2021-05-27T09:24:39Z BerkeleyEnvironment::Open: LogDir=/home/c4pt/opt/CURRENTRADIO/radioCOIN/radiocoin/./bnode/database ErrorFile=/home/c4pt/opt/CURRENTRADIO/radioCOIN/radiocoin/./bnode/db.log
2021-05-27T09:24:39Z [default wallet] nFileVersion = 180100
2021-05-27T09:24:39Z [default wallet] Keys: 2001 plaintext, 0 encrypted, 2001 w/ metadata, 2001 total. Unknown wallet records: 0
2021-05-27T09:24:39Z [default wallet] Wallet completed loading in              57ms
2021-05-27T09:24:39Z [default wallet] setKeyPool.size() = 2000
2021-05-27T09:24:39Z [default wallet] mapWallet.size() = 0
2021-05-27T09:24:39Z [default wallet] mapAddressBook.size() = 0
2021-05-27T09:24:39Z UpdateTip: new best=000001e9acc96b8e81f0aca297e3a5e5a9823bf3d3c3f380e9cda02e181de8be height=0 version=0x00000001 log2_work=20.000022 tx=1 date='2021-05-22T23:19:58Z' progress=1.000000 cache=0.0MiB(0txo)
2021-05-27T09:24:39Z mapBlockIndex.size() = 1
2021-05-27T09:24:39Z nBestHeight = 0
2021-05-27T09:24:39Z Failed to open mempool file from disk. Continuing anyway.
2021-05-27T09:24:39Z torcontrol thread start
2021-05-27T09:24:39Z Bound to 127.0.0.1:2222
2021-05-27T09:24:39Z init message: Loading P2P addresses...
2021-05-27T09:24:39Z ERROR: DeserializeFileDB: Failed to open file /home/c4pt/opt/CURRENTRADIO/radioCOIN/radiocoin/./bnode/peers.dat
2021-05-27T09:24:39Z Invalid or missing peers.dat; recreating
2021-05-27T09:24:39Z init message: Starting network threads...
2021-05-27T09:24:39Z net thread start
2021-05-27T09:24:39Z dnsseed thread start
2021-05-27T09:24:39Z Loading addresses from DNS seeds (could take a while)
2021-05-27T09:24:39Z 0 addresses found from DNS seeds
2021-05-27T09:24:39Z dnsseed thread exit
2021-05-27T09:24:39Z opencon thread start
2021-05-27T09:24:39Z addcon thread start
2021-05-27T09:24:39Z connect() to 127.0.0.1:7777 failed after select(): Connection refused (111)
2021-05-27T09:24:39Z init message: Done loading
2021-05-27T09:24:39Z msghand thread start
2021-05-27T09:25:40Z Adding fixed seed nodes as DNS doesn't seem to be available.
2021-05-27T09:25:40Z New outbound peer connected: version: 70015, blocks=0, peer=1
2021-05-27T09:26:36Z New outbound peer connected: version: 70015, blocks=2059497, peer=3
2021-05-27T09:26:40Z New outbound peer connected: version: 70015, blocks=0, peer=4
2021-05-27T09:29:55Z socket send error Broken pipe (32)
2021-05-27T09:30:55Z New outbound peer connected: version: 70015, blocks=0, peer=6
2021-05-27T09:34:18Z connect() to 127.0.0.1:7777 failed after select(): Connection refused (111)
2021-05-27T09:34:24Z Potential stale tip detected, will try using extra outbound peer (last tip update: 585 seconds ago)
2021-05-27T09:35:18Z connect() to 127.0.0.1:7777 failed after select(): Connection refused (111)
2021-05-27T09:36:19Z connect() to 127.0.0.1:7777 failed after select(): Connection refused (111)
2021-05-27T09:36:33Z ERROR: AcceptBlockHeader: Consensus::CheckBlockHeader: 80ca095ed10b02e53d769eb6eaf92cd04e9e0759e5be4a8477b42911ba49c78f, high-hash, proof of work failed (code 16)
2021-05-27T09:43:51Z 




2021-05-27T09:43:51Z RadioCoin Core version v0.18.1.0-f43983e-dirty (release build)
2021-05-27T09:43:51Z Validating signatures for all blocks.
2021-05-27T09:43:51Z Setting nMinimumChainWork=0000000000000000000000000000000000000000000002ee655bf00bf13b4cca
2021-05-27T09:43:51Z Using the 'sse4(1way),sse41(4way),avx2(8way)' SHA256 implementation
2021-05-27T09:43:51Z Using RdRand as an additional entropy source
2021-05-27T09:43:51Z Default data directory /root/.radiocoin
2021-05-27T09:43:51Z Using data directory /home/c4pt/opt/CURRENTRADIO/radioCOIN/radiocoin/./bnode
2021-05-27T09:43:51Z Config file: /home/c4pt/opt/CURRENTRADIO/radioCOIN/radiocoin/./bnode/radiocoin.conf (not found, skipping)
2021-05-27T09:43:51Z Using at most 125 automatic connections (1024 file descriptors available)
2021-05-27T09:43:51Z Warning: relative datadir option './bnode' specified, which will be interpreted relative to the current working directory '/home/c4pt/opt/CURRENTRADIO/radioCOIN/radiocoin'. This is fragile, because if radiocoin is started in the future from a different location, it will be unable to locate the current data files. There could also be data loss if radiocoin is started while in a temporary directory.
2021-05-27T09:43:51Z Using 16 MiB out of 32/2 requested for signature cache, able to store 524288 elements
2021-05-27T09:43:51Z Using 16 MiB out of 32/2 requested for script execution cache, able to store 524288 elements
2021-05-27T09:43:51Z Using 16 threads for script verification
2021-05-27T09:43:51Z scheduler thread start
2021-05-27T09:43:51Z HTTP: creating work queue of depth 16
2021-05-27T09:43:51Z Config options rpcuser and rpcpassword will soon be deprecated. Locally-run instances may remove rpcuser to use cookie-based auth, or may be replaced with rpcauth. Please see share/rpcauth for rpcauth auth generation.
2021-05-27T09:43:51Z HTTP: starting 4 worker threads
2021-05-27T09:43:51Z scrypt: using scrypt-sse2 as built.
2021-05-27T09:43:51Z Using wallet directory /home/c4pt/opt/CURRENTRADIO/radioCOIN/radiocoin/./bnode
2021-05-27T09:43:51Z init message: Verifying wallet(s)...
2021-05-27T09:43:51Z Using BerkeleyDB version Berkeley DB 5.3.28: (September  9, 2013)
2021-05-27T09:43:51Z Using wallet /home/c4pt/opt/CURRENTRADIO/radioCOIN/radiocoin/./bnode
2021-05-27T09:43:51Z BerkeleyEnvironment::Open: LogDir=/home/c4pt/opt/CURRENTRADIO/radioCOIN/radiocoin/./bnode/database ErrorFile=/home/c4pt/opt/CURRENTRADIO/radioCOIN/radiocoin/./bnode/db.log
2021-05-27T09:43:51Z init message: Loading banlist...
2021-05-27T09:43:51Z Cache configuration:
2021-05-27T09:43:51Z * Using 2.0 MiB for block index database
2021-05-27T09:43:51Z * Using 8.0 MiB for chain state database
2021-05-27T09:43:51Z * Using 440.0 MiB for in-memory UTXO set (plus up to 286.1 MiB of unused mempool space)
2021-05-27T09:43:51Z init message: Loading block index...
2021-05-27T09:43:51Z Opening LevelDB in /home/c4pt/opt/CURRENTRADIO/radioCOIN/radiocoin/./bnode/blocks/index
2021-05-27T09:43:51Z Opened LevelDB successfully
2021-05-27T09:43:51Z Using obfuscation key for /home/c4pt/opt/CURRENTRADIO/radioCOIN/radiocoin/./bnode/blocks/index: 0000000000000000
2021-05-27T09:43:51Z LoadBlockIndexDB: last block file = 0
2021-05-27T09:43:51Z LoadBlockIndexDB: last block file info: CBlockFileInfo(blocks=0, size=0, heights=0...0, time=1970-01-01...1970-01-01)
2021-05-27T09:43:51Z Checking all blk files are present...
2021-05-27T09:43:51Z Initializing databases...
2021-05-27T09:43:51Z Pre-allocating up to position 0x1000000 in blk00000.dat
2021-05-27T09:43:51Z Opening LevelDB in /home/c4pt/opt/CURRENTRADIO/radioCOIN/radiocoin/./bnode/chainstate
2021-05-27T09:43:51Z Opened LevelDB successfully
2021-05-27T09:43:51Z Using obfuscation key for /home/c4pt/opt/CURRENTRADIO/radioCOIN/radiocoin/./bnode/chainstate: 7c226b7ce84aac6f
2021-05-27T09:43:51Z init message: Rewinding blocks...
2021-05-27T09:43:51Z  block index             199ms
2021-05-27T09:43:51Z init message: Loading wallet...
2021-05-27T09:43:51Z BerkeleyEnvironment::Open: LogDir=/home/c4pt/opt/CURRENTRADIO/radioCOIN/radiocoin/./bnode/database ErrorFile=/home/c4pt/opt/CURRENTRADIO/radioCOIN/radiocoin/./bnode/db.log
2021-05-27T09:43:52Z [default wallet] nFileVersion = 180100
2021-05-27T09:43:52Z [default wallet] Keys: 2001 plaintext, 0 encrypted, 2001 w/ metadata, 2001 total. Unknown wallet records: 0
2021-05-27T09:43:52Z [default wallet] Wallet completed loading in              50ms
2021-05-27T09:43:52Z [default wallet] setKeyPool.size() = 2000
2021-05-27T09:43:52Z [default wallet] mapWallet.size() = 0
2021-05-27T09:43:52Z [default wallet] mapAddressBook.size() = 0
2021-05-27T09:43:52Z UpdateTip: new best=000001e9acc96b8e81f0aca297e3a5e5a9823bf3d3c3f380e9cda02e181de8be height=0 version=0x00000001 log2_work=20.000022 tx=1 date='2021-05-22T23:19:58Z' progress=1.000000 cache=0.0MiB(0txo)
2021-05-27T09:43:52Z mapBlockIndex.size() = 1
2021-05-27T09:43:52Z Failed to open mempool file from disk. Continuing anyway.
2021-05-27T09:43:52Z nBestHeight = 0
2021-05-27T09:43:52Z torcontrol thread start
2021-05-27T09:43:52Z upnp thread start
2021-05-27T09:43:52Z Bound to 127.0.0.1:2222
2021-05-27T09:43:52Z init message: Loading P2P addresses...
2021-05-27T09:43:52Z Loaded 0 addresses from peers.dat  0ms
2021-05-27T09:43:52Z init message: Starting network threads...
2021-05-27T09:43:52Z net thread start
2021-05-27T09:43:52Z dnsseed thread start
2021-05-27T09:43:52Z Loading addresses from DNS seeds (could take a while)
2021-05-27T09:43:52Z 0 addresses found from DNS seeds
2021-05-27T09:43:52Z dnsseed thread exit
2021-05-27T09:43:52Z addcon thread start
2021-05-27T09:43:52Z init message: Done loading
2021-05-27T09:43:52Z msghand thread start
2021-05-27T09:43:52Z opencon thread start
2021-05-27T09:43:52Z connect() to 127.0.0.1:7777 failed after select(): Connection refused (111)
2021-05-27T09:44:00Z No valid UPnP IGDs found
2021-05-27T09:44:00Z upnp thread exit
2021-05-27T09:44:52Z connect() to 127.0.0.1:7777 failed after select(): Connection refused (111)
2021-05-27T09:44:53Z Adding fixed seed nodes as DNS doesn't seem to be available.
2021-05-27T09:44:58Z New outbound peer connected: version: 70015, blocks=2059581, peer=0
2021-05-27T09:44:58Z ERROR: AcceptBlockHeader: Consensus::CheckBlockHeader: 80ca095ed10b02e53d769eb6eaf92cd04e9e0759e5be4a8477b42911ba49c78f, high-hash, proof of work failed (code 16)
2021-05-27T09:45:53Z connect() to 127.0.0.1:7777 failed after select(): Connection refused (111)
2021-05-27T09:46:53Z connect() to 127.0.0.1:7777 failed after select(): Connection refused (111)
2021-05-27T09:47:50Z ERROR: AcceptBlockHeader: Consensus::CheckBlockHeader: 80ca095ed10b02e53d769eb6eaf92cd04e9e0759e5be4a8477b42911ba49c78f, high-hash, proof of work failed (code 16)
2021-05-27T09:47:54Z connect() to 127.0.0.1:7777 failed after select(): Connection refused (111)
2021-05-27T09:48:54Z connect() to 127.0.0.1:7777 failed after select(): Connection refused (111)
2021-05-27T09:49:55Z connect() to 127.0.0.1:7777 failed after select(): Connection refused (111)
2021-05-27T09:50:55Z connect() to 127.0.0.1:7777 failed after select(): Connection refused (111)
2021-05-27T09:51:24Z New outbound peer connected: version: 70015, blocks=2059583, peer=1
2021-05-27T09:51:25Z ERROR: AcceptBlockHeader: Consensus::CheckBlockHeader: 80ca095ed10b02e53d769eb6eaf92cd04e9e0759e5be4a8477b42911ba49c78f, high-hash, proof of work failed (code 16)
2021-05-27T09:51:56Z connect() to 127.0.0.1:7777 failed after select(): Connection refused (111)
2021-05-27T09:52:56Z connect() to 127.0.0.1:7777 failed after select(): Connection refused (111)
2021-05-27T09:53:36Z Potential stale tip detected, will try using extra outbound peer (last tip update: 584 seconds ago)
2021-05-27T09:53:57Z connect() to 127.0.0.1:7777 failed after select(): Connection refused (111)
2021-05-27T09:54:57Z connect() to 127.0.0.1:7777 failed after select(): Connection refused (111)
2021-05-27T09:55:58Z connect() to 127.0.0.1:7777 failed after select(): Connection refused (111)
2021-05-27T09:56:36Z Potential stale tip detected, will try using extra outbound peer (last tip update: 764 seconds ago)
2021-05-27T09:56:58Z connect() to 127.0.0.1:7777 failed after select(): Connection refused (111)
2021-05-27T09:57:43Z New outbound peer connected: version: 70015, blocks=2059583, peer=2
2021-05-27T09:57:59Z connect() to 127.0.0.1:7777 failed after select(): Connection refused (111)
2021-05-27T09:58:03Z ERROR: AcceptBlockHeader: Consensus::CheckBlockHeader: 80ca095ed10b02e53d769eb6eaf92cd04e9e0759e5be4a8477b42911ba49c78f, high-hash, proof of work failed (code 16)
2021-05-27T09:58:04Z ERROR: AcceptBlockHeader: Consensus::CheckBlockHeader: 80ca095ed10b02e53d769eb6eaf92cd04e9e0759e5be4a8477b42911ba49c78f, high-hash, proof of work failed (code 16)
2021-05-27T09:58:04Z ERROR: AcceptBlockHeader: Consensus::CheckBlockHeader: 80ca095ed10b02e53d769eb6eaf92cd04e9e0759e5be4a8477b42911ba49c78f, high-hash, proof of work failed (code 16)
2021-05-27T09:58:18Z New outbound peer connected: version: 70015, blocks=2059584, peer=3
2021-05-27T09:58:19Z ERROR: AcceptBlockHeader: Consensus::CheckBlockHeader: 80ca095ed10b02e53d769eb6eaf92cd04e9e0759e5be4a8477b42911ba49c78f, high-hash, proof of work failed (code 16)
2021-05-27T09:58:59Z connect() to 127.0.0.1:7777 failed after select(): Connection refused (111)
2021-05-27T09:59:36Z Potential stale tip detected, will try using extra outbound peer (last tip update: 944 seconds ago)
2021-05-27T10:00:00Z connect() to 127.0.0.1:7777 failed after select(): Connection refused (111)
2021-05-27T10:00:14Z New outbound peer connected: version: 70015, blocks=2059584, peer=4
2021-05-27T10:01:00Z connect() to 127.0.0.1:7777 failed after select(): Connection refused (111)
2021-05-27T10:01:31Z ERROR: AcceptBlockHeader: Consensus::CheckBlockHeader: 80ca095ed10b02e53d769eb6eaf92cd04e9e0759e5be4a8477b42911ba49c78f, high-hash, proof of work failed (code 16)
2021-05-27T10:01:31Z ERROR: AcceptBlockHeader: Consensus::CheckBlockHeader: 80ca095ed10b02e53d769eb6eaf92cd04e9e0759e5be4a8477b42911ba49c78f, high-hash, proof of work failed (code 16)
2021-05-27T10:01:32Z ERROR: AcceptBlockHeader: Consensus::CheckBlockHeader: 80ca095ed10b02e53d769eb6eaf92cd04e9e0759e5be4a8477b42911ba49c78f, high-hash, proof of work failed (code 16)
2021-05-27T10:02:01Z connect() to 127.0.0.1:7777 failed after select(): Connection refused (111)
2021-05-27T10:02:36Z Potential stale tip detected, will try using extra outbound peer (last tip update: 1124 seconds ago)
2021-05-27T10:03:01Z connect() to 127.0.0.1:7777 failed after select(): Connection refused (111)
2021-05-27T10:03:46Z New outbound peer connected: version: 70015, blocks=2059586, peer=5
2021-05-27T10:03:46Z ERROR: AcceptBlockHeader: Consensus::CheckBlockHeader: 80ca095ed10b02e53d769eb6eaf92cd04e9e0759e5be4a8477b42911ba49c78f, high-hash, proof of work failed (code 16)
2021-05-27T10:04:02Z connect() to 127.0.0.1:7777 failed after select(): Connection refused (111)
2021-05-27T10:04:06Z New outbound peer connected: version: 70015, blocks=2059586, peer=6
2021-05-27T10:05:02Z connect() to 127.0.0.1:7777 failed after select(): Connection refused (111)
2021-05-27T10:05:36Z Potential stale tip detected, will try using extra outbound peer (last tip update: 1304 seconds ago)
2021-05-27T10:06:03Z connect() to 127.0.0.1:7777 failed after select(): Connection refused (111)
2021-05-27T10:07:03Z connect() to 127.0.0.1:7777 failed after select(): Connection refused (111)
2021-05-27T10:08:04Z connect() to 127.0.0.1:7777 failed after select(): Connection refused (111)
2021-05-27T10:08:26Z New outbound peer connected: version: 70015, blocks=2059586, peer=7
2021-05-27T10:08:30Z ERROR: AcceptBlockHeader: Consensus::CheckBlockHeader: 80ca095ed10b02e53d769eb6eaf92cd04e9e0759e5be4a8477b42911ba49c78f, high-hash, proof of work failed (code 16)
2021-05-27T10:08:31Z ERROR: AcceptBlockHeader: Consensus::CheckBlockHeader: 80ca095ed10b02e53d769eb6eaf92cd04e9e0759e5be4a8477b42911ba49c78f, high-hash, proof of work failed (code 16)
2021-05-27T10:08:31Z ERROR: AcceptBlockHeader: Consensus::CheckBlockHeader: 80ca095ed10b02e53d769eb6eaf92cd04e9e0759e5be4a8477b42911ba49c78f, high-hash, proof of work failed (code 16)
2021-05-27T10:08:31Z ERROR: AcceptBlockHeader: Consensus::CheckBlockHeader: 80ca095ed10b02e53d769eb6eaf92cd04e9e0759e5be4a8477b42911ba49c78f, high-hash, proof of work failed (code 16)
2021-05-27T10:08:31Z ERROR: AcceptBlockHeader: Consensus::CheckBlockHeader: 80ca095ed10b02e53d769eb6eaf92cd04e9e0759e5be4a8477b42911ba49c78f, high-hash, proof of work failed (code 16)
2021-05-27T10:08:36Z Potential stale tip detected, will try using extra outbound peer (last tip update: 1484 seconds ago)
2021-05-27T10:09:04Z connect() to 127.0.0.1:7777 failed after select(): Connection refused (111)
2021-05-27T10:09:40Z New outbound peer connected: version: 70015, blocks=2059587, peer=8
2021-05-27T10:09:41Z ERROR: AcceptBlockHeader: Consensus::CheckBlockHeader: 80ca095ed10b02e53d769eb6eaf92cd04e9e0759e5be4a8477b42911ba49c78f, high-hash, proof of work failed (code 16)
2021-05-27T10:10:05Z connect() to 127.0.0.1:7777 failed after select(): Connection refused (111)
2021-05-27T10:11:05Z connect() to 127.0.0.1:7777 failed after select(): Connection refused (111)
2021-05-27T10:11:10Z New outbound peer connected: version: 70015, blocks=2059587, peer=9
2021-05-27T10:11:25Z New outbound peer connected: version: 70015, blocks=2059587, peer=10
2021-05-27T10:11:28Z New outbound peer connected: version: 70015, blocks=2059587, peer=11
2021-05-27T10:11:36Z Potential stale tip detected, will try using extra outbound peer (last tip update: 1664 seconds ago)
2021-05-27T10:11:55Z New outbound peer connected: version: 70015, blocks=2059587, peer=12
2021-05-27T10:12:06Z connect() to 127.0.0.1:7777 failed after select(): Connection refused (111)
2021-05-27T10:13:06Z connect() to 127.0.0.1:7777 failed after select(): Connection refused (111)
2021-05-27T10:14:07Z connect() to 127.0.0.1:7777 failed after select(): Connection refused (111)
2021-05-27T10:14:32Z ERROR: AcceptBlockHeader: Consensus::CheckBlockHeader: 80ca095ed10b02e53d769eb6eaf92cd04e9e0759e5be4a8477b42911ba49c78f, high-hash, proof of work failed (code 16)
2021-05-27T10:14:33Z ERROR: AcceptBlockHeader: Consensus::CheckBlockHeader: 80ca095ed10b02e53d769eb6eaf92cd04e9e0759e5be4a8477b42911ba49c78f, high-hash, proof of work failed (code 16)
2021-05-27T10:14:33Z ERROR: AcceptBlockHeader: Consensus::CheckBlockHeader: 80ca095ed10b02e53d769eb6eaf92cd04e9e0759e5be4a8477b42911ba49c78f, high-hash, proof of work failed (code 16)
2021-05-27T10:14:35Z ERROR: AcceptBlockHeader: Consensus::CheckBlockHeader: 80ca095ed10b02e53d769eb6eaf92cd04e9e0759e5be4a8477b42911ba49c78f, high-hash, proof of work failed (code 16)
2021-05-27T10:14:35Z ERROR: AcceptBlockHeader: Consensus::CheckBlockHeader: 80ca095ed10b02e53d769eb6eaf92cd04e9e0759e5be4a8477b42911ba49c78f, high-hash, proof of work failed (code 16)
2021-05-27T10:14:36Z ERROR: AcceptBlockHeader: Consensus::CheckBlockHeader: 80ca095ed10b02e53d769eb6eaf92cd04e9e0759e5be4a8477b42911ba49c78f, high-hash, proof of work failed (code 16)
2021-05-27T10:14:36Z Potential stale tip detected, will try using extra outbound peer (last tip update: 1844 seconds ago)
2021-05-27T10:14:37Z ERROR: AcceptBlockHeader: Consensus::CheckBlockHeader: 80ca095ed10b02e53d769eb6eaf92cd04e9e0759e5be4a8477b42911ba49c78f, high-hash, proof of work failed (code 16)
2021-05-27T10:15:07Z connect() to 127.0.0.1:7777 failed after select(): Connection refused (111)
2021-05-27T10:16:08Z connect() to 127.0.0.1:7777 failed after select(): Connection refused (111)
2021-05-27T10:16:41Z ThreadRPCServer incorrect password attempt from 127.0.0.1:56158
2021-05-27T10:17:08Z connect() to 127.0.0.1:7777 failed after select(): Connection refused (111)
2021-05-27T10:17:36Z Potential stale tip detected, will try using extra outbound peer (last tip update: 2024 seconds ago)
2021-05-27T10:18:09Z connect() to 127.0.0.1:7777 failed after select(): Connection refused (111)
2021-05-27T10:19:39Z 




2021-05-27T10:19:39Z RadioCoin Core version v0.18.1.0-f43983e-dirty (release build)
2021-05-27T10:19:39Z Validating signatures for all blocks.
2021-05-27T10:19:39Z Setting nMinimumChainWork=0000000000000000000000000000000000000000000002ee655bf00bf13b4cca
2021-05-27T10:19:39Z Using the 'sse4(1way),sse41(4way),avx2(8way)' SHA256 implementation
2021-05-27T10:19:39Z Using RdRand as an additional entropy source
2021-05-27T10:19:39Z Default data directory /root/.radiocoin
2021-05-27T10:19:39Z Using data directory /home/c4pt/opt/CURRENTRADIO/radioCOIN/radiocoin/./bnode
2021-05-27T10:19:39Z Config file: /home/c4pt/opt/CURRENTRADIO/radioCOIN/radiocoin/./bnode/radiocoin.conf (not found, skipping)
2021-05-27T10:19:39Z Using at most 125 automatic connections (1024 file descriptors available)
2021-05-27T10:19:39Z Warning: relative datadir option './bnode' specified, which will be interpreted relative to the current working directory '/home/c4pt/opt/CURRENTRADIO/radioCOIN/radiocoin'. This is fragile, because if radiocoin is started in the future from a different location, it will be unable to locate the current data files. There could also be data loss if radiocoin is started while in a temporary directory.
2021-05-27T10:19:39Z Using 16 MiB out of 32/2 requested for signature cache, able to store 524288 elements
2021-05-27T10:19:39Z Using 16 MiB out of 32/2 requested for script execution cache, able to store 524288 elements
2021-05-27T10:19:39Z Using 16 threads for script verification
2021-05-27T10:19:39Z scheduler thread start
2021-05-27T10:19:39Z HTTP: creating work queue of depth 16
2021-05-27T10:19:39Z Config options rpcuser and rpcpassword will soon be deprecated. Locally-run instances may remove rpcuser to use cookie-based auth, or may be replaced with rpcauth. Please see share/rpcauth for rpcauth auth generation.
2021-05-27T10:19:39Z HTTP: starting 4 worker threads
2021-05-27T10:19:39Z scrypt: using scrypt-sse2 as built.
2021-05-27T10:19:39Z Using wallet directory /home/c4pt/opt/CURRENTRADIO/radioCOIN/radiocoin/./bnode
2021-05-27T10:19:39Z init message: Verifying wallet(s)...
2021-05-27T10:19:39Z Using BerkeleyDB version Berkeley DB 5.3.28: (September  9, 2013)
2021-05-27T10:19:39Z Using wallet /home/c4pt/opt/CURRENTRADIO/radioCOIN/radiocoin/./bnode
2021-05-27T10:19:39Z BerkeleyEnvironment::Open: LogDir=/home/c4pt/opt/CURRENTRADIO/radioCOIN/radiocoin/./bnode/database ErrorFile=/home/c4pt/opt/CURRENTRADIO/radioCOIN/radiocoin/./bnode/db.log
2021-05-27T10:19:39Z init message: Loading banlist...
2021-05-27T10:19:39Z Cache configuration:
2021-05-27T10:19:39Z * Using 2.0 MiB for block index database
2021-05-27T10:19:39Z * Using 8.0 MiB for chain state database
2021-05-27T10:19:39Z * Using 440.0 MiB for in-memory UTXO set (plus up to 286.1 MiB of unused mempool space)
2021-05-27T10:19:39Z init message: Loading block index...
2021-05-27T10:19:39Z Opening LevelDB in /home/c4pt/opt/CURRENTRADIO/radioCOIN/radiocoin/./bnode/blocks/index
2021-05-27T10:19:39Z Opened LevelDB successfully
2021-05-27T10:19:39Z Using obfuscation key for /home/c4pt/opt/CURRENTRADIO/radioCOIN/radiocoin/./bnode/blocks/index: 0000000000000000
2021-05-27T10:19:39Z LoadBlockIndexDB: last block file = 0
2021-05-27T10:19:39Z LoadBlockIndexDB: last block file info: CBlockFileInfo(blocks=0, size=0, heights=0...0, time=1970-01-01...1970-01-01)
2021-05-27T10:19:39Z Checking all blk files are present...
2021-05-27T10:19:39Z Initializing databases...
2021-05-27T10:19:39Z Pre-allocating up to position 0x1000000 in blk00000.dat
2021-05-27T10:19:39Z Opening LevelDB in /home/c4pt/opt/CURRENTRADIO/radioCOIN/radiocoin/./bnode/chainstate
2021-05-27T10:19:39Z Opened LevelDB successfully
2021-05-27T10:19:39Z Using obfuscation key for /home/c4pt/opt/CURRENTRADIO/radioCOIN/radiocoin/./bnode/chainstate: 7c226b7ce84aac6f
2021-05-27T10:19:39Z init message: Rewinding blocks...
2021-05-27T10:19:39Z  block index             217ms
2021-05-27T10:19:39Z init message: Loading wallet...
2021-05-27T10:19:39Z BerkeleyEnvironment::Open: LogDir=/home/c4pt/opt/CURRENTRADIO/radioCOIN/radiocoin/./bnode/database ErrorFile=/home/c4pt/opt/CURRENTRADIO/radioCOIN/radiocoin/./bnode/db.log
2021-05-27T10:19:39Z [default wallet] nFileVersion = 180100
2021-05-27T10:19:39Z [default wallet] Keys: 2001 plaintext, 0 encrypted, 2001 w/ metadata, 2001 total. Unknown wallet records: 0
2021-05-27T10:19:39Z [default wallet] Wallet completed loading in              56ms
2021-05-27T10:19:39Z [default wallet] setKeyPool.size() = 2000
2021-05-27T10:19:39Z [default wallet] mapWallet.size() = 0
2021-05-27T10:19:39Z [default wallet] mapAddressBook.size() = 0
2021-05-27T10:19:39Z UpdateTip: new best=000001e9acc96b8e81f0aca297e3a5e5a9823bf3d3c3f380e9cda02e181de8be height=0 version=0x00000001 log2_work=20.000022 tx=1 date='2021-05-22T23:19:58Z' progress=1.000000 cache=0.0MiB(0txo)
2021-05-27T10:19:39Z mapBlockIndex.size() = 1
2021-05-27T10:19:39Z Failed to open mempool file from disk. Continuing anyway.
2021-05-27T10:19:39Z nBestHeight = 0
2021-05-27T10:19:39Z torcontrol thread start
2021-05-27T10:19:39Z upnp thread start
2021-05-27T10:19:39Z Bound to 127.0.0.1:2222
2021-05-27T10:19:39Z init message: Loading P2P addresses...
2021-05-27T10:19:39Z Loaded 9524 addresses from peers.dat  24ms
2021-05-27T10:19:39Z init message: Starting network threads...
2021-05-27T10:19:39Z net thread start
2021-05-27T10:19:39Z dnsseed thread start
2021-05-27T10:19:39Z addcon thread start
2021-05-27T10:19:39Z init message: Done loading
2021-05-27T10:19:39Z opencon thread start
2021-05-27T10:19:39Z msghand thread start
2021-05-27T10:19:39Z connect() to 127.0.0.1:7777 failed after select(): Connection refused (111)
2021-05-27T10:19:40Z New outbound peer connected: version: 70015, blocks=2059590, peer=0
2021-05-27T10:19:41Z No valid UPnP IGDs found
2021-05-27T10:19:41Z upnp thread exit
2021-05-27T10:19:42Z ERROR: AcceptBlockHeader: Consensus::CheckBlockHeader: 80ca095ed10b02e53d769eb6eaf92cd04e9e0759e5be4a8477b42911ba49c78f, high-hash, proof of work failed (code 16)
2021-05-27T10:19:50Z Loading addresses from DNS seeds (could take a while)
2021-05-27T10:19:50Z 0 addresses found from DNS seeds
2021-05-27T10:19:50Z dnsseed thread exit
2021-05-27T10:19:59Z New outbound peer connected: version: 70015, blocks=2059590, peer=1
2021-05-27T10:20:10Z New outbound peer connected: version: 70015, blocks=2059590, peer=2
2021-05-27T10:20:12Z New outbound peer connected: version: 70015, blocks=2059590, peer=3
2021-05-27T10:20:40Z connect() to 127.0.0.1:7777 failed after select(): Connection refused (111)
2021-05-27T10:21:06Z ERROR: AcceptBlockHeader: Consensus::CheckBlockHeader: 80ca095ed10b02e53d769eb6eaf92cd04e9e0759e5be4a8477b42911ba49c78f, high-hash, proof of work failed (code 16)
2021-05-27T10:21:06Z ERROR: AcceptBlockHeader: Consensus::CheckBlockHeader: 80ca095ed10b02e53d769eb6eaf92cd04e9e0759e5be4a8477b42911ba49c78f, high-hash, proof of work failed (code 16)
2021-05-27T10:21:07Z ERROR: AcceptBlockHeader: Consensus::CheckBlockHeader: 80ca095ed10b02e53d769eb6eaf92cd04e9e0759e5be4a8477b42911ba49c78f, high-hash, proof of work failed (code 16)
2021-05-27T10:21:07Z ERROR: AcceptBlockHeader: Consensus::CheckBlockHeader: 80ca095ed10b02e53d769eb6eaf92cd04e9e0759e5be4a8477b42911ba49c78f, high-hash, proof of work failed (code 16)
2021-05-27T10:21:08Z ERROR: AcceptBlockHeader: Consensus::CheckBlockHeader: 80ca095ed10b02e53d769eb6eaf92cd04e9e0759e5be4a8477b42911ba49c78f, high-hash, proof of work failed (code 16)
2021-05-27T10:21:38Z New outbound peer connected: version: 70015, blocks=2059591, peer=4
2021-05-27T10:21:39Z ERROR: AcceptBlockHeader: Consensus::CheckBlockHeader: 80ca095ed10b02e53d769eb6eaf92cd04e9e0759e5be4a8477b42911ba49c78f, high-hash, proof of work failed (code 16)
2021-05-27T10:21:40Z connect() to 127.0.0.1:7777 failed after select(): Connection refused (111)
2021-05-27T10:21:47Z ERROR: AcceptBlockHeader: Consensus::CheckBlockHeader: 80ca095ed10b02e53d769eb6eaf92cd04e9e0759e5be4a8477b42911ba49c78f, high-hash, proof of work failed (code 16)
2021-05-27T10:22:00Z New outbound peer connected: version: 70015, blocks=2059592, peer=5
2021-05-27T10:22:00Z ERROR: AcceptBlockHeader: Consensus::CheckBlockHeader: 80ca095ed10b02e53d769eb6eaf92cd04e9e0759e5be4a8477b42911ba49c78f, high-hash, proof of work failed (code 16)
2021-05-27T10:22:41Z connect() to 127.0.0.1:7777 failed after select(): Connection refused (111)
2021-05-27T10:23:41Z connect() to 127.0.0.1:7777 failed after select(): Connection refused (111)
2021-05-27T10:23:50Z ERROR: AcceptBlockHeader: Consensus::CheckBlockHeader: 80ca095ed10b02e53d769eb6eaf92cd04e9e0759e5be4a8477b42911ba49c78f, high-hash, proof of work failed (code 16)
2021-05-27T10:24:42Z connect() to 127.0.0.1:7777 failed after select(): Connection refused (111)
2021-05-27T10:25:42Z connect() to 127.0.0.1:7777 failed after select(): Connection refused (111)
2021-05-27T10:26:43Z connect() to 127.0.0.1:7777 failed after select(): Connection refused (111)
2021-05-27T10:27:43Z connect() to 127.0.0.1:7777 failed after select(): Connection refused (111)
2021-05-27T10:28:44Z connect() to 127.0.0.1:7777 failed after select(): Connection refused (111)
2021-05-27T10:29:24Z Potential stale tip detected, will try using extra outbound peer (last tip update: 585 seconds ago)
2021-05-27T10:29:44Z connect() to 127.0.0.1:7777 failed after select(): Connection refused (111)
